[2025-06-20 02:30:39,427] INFO [ControllerEventThread controllerId=0] Starting (kafka.controller.ControllerEventManager$ControllerEventThread)
[2025-06-20 02:30:39,486] INFO [Controller id=0] 0 successfully elected as the controller. Epoch incremented to 1 and epoch zk version is now 1 (kafka.controller.KafkaController)
[2025-06-20 02:30:39,495] INFO [Controller id=0] Creating FeatureZNode at path: /feature with contents: FeatureZNode(2,Enabled,Map()) (kafka.controller.KafkaController)
[2025-06-20 02:30:39,562] INFO [Controller id=0] Registering handlers (kafka.controller.KafkaController)
[2025-06-20 02:30:39,572] INFO [Controller id=0] Deleting log dir event notifications (kafka.controller.KafkaController)
[2025-06-20 02:30:39,581] INFO [Controller id=0] Deleting isr change notifications (kafka.controller.KafkaController)
[2025-06-20 02:30:39,600] INFO [Controller id=0] Initializing controller context (kafka.controller.KafkaController)
[2025-06-20 02:30:39,640] INFO [Controller id=0] Initialized broker epochs cache: HashMap(0 -> 25) (kafka.controller.KafkaController)
[2025-06-20 02:30:39,647] DEBUG [Controller id=0] Register BrokerModifications handler for Set(0) (kafka.controller.KafkaController)
[2025-06-20 02:30:39,655] DEBUG [Channel manager on controller 0]: Controller 0 trying to connect to broker 0 (kafka.controller.ControllerChannelManager)
[2025-06-20 02:30:39,665] INFO [RequestSendThread controllerId=0] Starting (kafka.controller.RequestSendThread)
[2025-06-20 02:30:39,668] INFO [Controller id=0] Currently active brokers in the cluster: Set(0) (kafka.controller.KafkaController)
[2025-06-20 02:30:39,668] INFO [Controller id=0] Currently shutting brokers in the cluster: HashSet() (kafka.controller.KafkaController)
[2025-06-20 02:30:39,669] INFO [Controller id=0] Current list of topics in the cluster: HashSet() (kafka.controller.KafkaController)
[2025-06-20 02:30:39,669] INFO [Controller id=0] Fetching topic deletions in progress (kafka.controller.KafkaController)
[2025-06-20 02:30:39,673] INFO [Controller id=0] List of topics to be deleted:  (kafka.controller.KafkaController)
[2025-06-20 02:30:39,673] INFO [Controller id=0] List of topics ineligible for deletion:  (kafka.controller.KafkaController)
[2025-06-20 02:30:39,674] INFO [Controller id=0] Initializing topic deletion manager (kafka.controller.KafkaController)
[2025-06-20 02:30:39,675] INFO [Topic Deletion Manager 0] Initializing manager with initial deletions: Set(), initial ineligible deletions: HashSet() (kafka.controller.TopicDeletionManager)
[2025-06-20 02:30:39,676] INFO [Controller id=0] Sending update metadata request (kafka.controller.KafkaController)
[2025-06-20 02:30:39,695] INFO [ReplicaStateMachine controllerId=0] Initializing replica state (kafka.controller.ZkReplicaStateMachine)
[2025-06-20 02:30:39,696] INFO [ReplicaStateMachine controllerId=0] Triggering online replica state changes (kafka.controller.ZkReplicaStateMachine)
[2025-06-20 02:30:39,703] INFO [ReplicaStateMachine controllerId=0] Triggering offline replica state changes (kafka.controller.ZkReplicaStateMachine)
[2025-06-20 02:30:39,704] DEBUG [ReplicaStateMachine controllerId=0] Started replica state machine with initial state -> HashMap() (kafka.controller.ZkReplicaStateMachine)
[2025-06-20 02:30:39,705] INFO [PartitionStateMachine controllerId=0] Initializing partition state (kafka.controller.ZkPartitionStateMachine)
[2025-06-20 02:30:39,706] INFO [PartitionStateMachine controllerId=0] Triggering online partition state changes (kafka.controller.ZkPartitionStateMachine)
[2025-06-20 02:30:39,715] DEBUG [PartitionStateMachine controllerId=0] Started partition state machine with initial state -> HashMap() (kafka.controller.ZkPartitionStateMachine)
[2025-06-20 02:30:39,716] INFO [Controller id=0] Ready to serve as the new controller with epoch 1 (kafka.controller.KafkaController)
[2025-06-20 02:30:39,721] WARN [RequestSendThread controllerId=0] Controller 0's connection to broker LAPTOP-PO64FG2I.:9092 (id: 0 rack: null) was unsuccessful (kafka.controller.RequestSendThread)
java.io.IOException: Connection to LAPTOP-PO64FG2I.:9092 (id: 0 rack: null) failed.
	at org.apache.kafka.clients.NetworkClientUtils.awaitReady(NetworkClientUtils.java:71)
	at kafka.controller.RequestSendThread.brokerReady(ControllerChannelManager.scala:299)
	at kafka.controller.RequestSendThread.doWork(ControllerChannelManager.scala:252)
	at org.apache.kafka.server.util.ShutdownableThread.run(ShutdownableThread.java:136)
[2025-06-20 02:30:39,736] INFO [Controller id=0] Partitions undergoing preferred replica election:  (kafka.controller.KafkaController)
[2025-06-20 02:30:39,737] INFO [Controller id=0] Partitions that completed preferred replica election:  (kafka.controller.KafkaController)
[2025-06-20 02:30:39,738] INFO [Controller id=0] Skipping preferred replica election for partitions due to topic deletion:  (kafka.controller.KafkaController)
[2025-06-20 02:30:39,739] INFO [Controller id=0] Resuming preferred replica election for partitions:  (kafka.controller.KafkaController)
[2025-06-20 02:30:39,741] INFO [Controller id=0] Starting replica leader election (PREFERRED) for partitions  triggered by ZkTriggered (kafka.controller.KafkaController)
[2025-06-20 02:30:39,770] INFO [Controller id=0] Starting the controller scheduler (kafka.controller.KafkaController)
[2025-06-20 02:30:39,831] INFO [RequestSendThread controllerId=0] Controller 0 connected to LAPTOP-PO64FG2I.:9092 (id: 0 rack: null) for sending state change requests (kafka.controller.RequestSendThread)
[2025-06-20 02:30:40,437] INFO [Controller id=0] New topics: [Set(velib-data)], deleted topics: [HashSet()], new partition replica assignment [Set(TopicIdReplicaAssignment(velib-data,Some(2Fh0AoCiTgCK8r50-UtoTg),Map(velib-data-0 -> ReplicaAssignment(replicas=0, addingReplicas=, removingReplicas=))))] (kafka.controller.KafkaController)
[2025-06-20 02:30:40,440] INFO [Controller id=0] New partition creation callback for velib-data-0 (kafka.controller.KafkaController)
[2025-06-20 02:30:40,540] DEBUG [Controller id=0] There is no producerId block yet (Zk path version 0), creating the first block (kafka.controller.KafkaController)
[2025-06-20 02:30:40,554] INFO [Controller id=0] Acquired new producerId block ProducerIdsBlock(assignedBrokerId=0, firstProducerId=0, size=1000) by writing to Zk with path version 1 (kafka.controller.KafkaController)
[2025-06-20 02:30:47,707] INFO [Controller id=0] Processing automatic preferred replica leader election (kafka.controller.KafkaController)
[2025-06-20 02:30:47,708] TRACE [Controller id=0] Checking need to trigger auto leader balancing (kafka.controller.KafkaController)
[2025-06-20 02:30:47,718] DEBUG [Controller id=0] Topics not in preferred replica for broker 0 Map() (kafka.controller.KafkaController)
[2025-06-20 02:30:47,722] TRACE [Controller id=0] Leader imbalance ratio for broker 0 is 0.0 (kafka.controller.KafkaController)
[2025-06-20 02:36:14,099] INFO [Controller id=0] Processing automatic preferred replica leader election (kafka.controller.KafkaController)
[2025-06-20 02:36:14,109] TRACE [Controller id=0] Checking need to trigger auto leader balancing (kafka.controller.KafkaController)
[2025-06-20 02:36:14,110] DEBUG [Controller id=0] Topics not in preferred replica for broker 0 Map() (kafka.controller.KafkaController)
[2025-06-20 02:36:14,110] TRACE [Controller id=0] Leader imbalance ratio for broker 0 is 0.0 (kafka.controller.KafkaController)
[2025-06-20 02:41:40,489] INFO [Controller id=0] Processing automatic preferred replica leader election (kafka.controller.KafkaController)
[2025-06-20 02:41:40,490] TRACE [Controller id=0] Checking need to trigger auto leader balancing (kafka.controller.KafkaController)
[2025-06-20 02:41:40,491] DEBUG [Controller id=0] Topics not in preferred replica for broker 0 Map() (kafka.controller.KafkaController)
[2025-06-20 02:41:40,492] TRACE [Controller id=0] Leader imbalance ratio for broker 0 is 0.0 (kafka.controller.KafkaController)
